
                             Synplify (R) Premier 

                Version O-2018.09-SP1 for RHEL64 - Nov 27, 2018 

                    Copyright (c) 1988 - 2018 Synopsys, Inc.
   This software and the associated documentation are proprietary to Synopsys,
 Inc. This software may only be used in accordance with the terms and conditions
 of a written license agreement with Synopsys, Inc. All other use, reproduction,
            or distribution of this software is strictly prohibited.

Starting:    /vol/synopsys/fpga/O-2018.09-SP1/linux_a_64/mbin/synplify
Install:     /vol/synopsys/fpga/O-2018.09-SP1
Hostname:    joker.ece.northwestern.edu
Date:        Tue Feb  7 02:26:19 2023
Version:     O-2018.09-SP1

Arguments:   -product synplify_premier
ProductType: synplify_premier

License checkout: synplifypremierdp
License: synplifypremierdp from server synopsyslm.ece.northwestern.edu (Using premium license)
Licensed Vendor: All FPGA
License Option: ident



log file: "/home/gfa2226/fpga/edge_detect/uvm/syn/rev_2/shift_reg.srr"
Running: rev_2 in foreground

Running proj_1|rev_2

Running Flow: compile (Compile) on proj_1|rev_2
# Tue Feb  7 02:26:57 2023

Running Flow: compile_flow (Compile Process) on proj_1|rev_2
# Tue Feb  7 02:26:57 2023
License granted for 4 parallel jobs

Running: compiler (Compile Input) on proj_1|rev_2
# Tue Feb  7 02:26:57 2023
Copied /home/gfa2226/fpga/edge_detect/uvm/syn/rev_2/synwork/shift_reg_comp.srs to /home/gfa2226/fpga/edge_detect/uvm/syn/rev_2/shift_reg.srs

compiler completed
# Tue Feb  7 02:27:02 2023

Return Code: 0
Run Time:00h:00m:05s

Running: multi_srs_gen (Multi-srs Generator) on proj_1|rev_2
# Tue Feb  7 02:27:02 2023

multi_srs_gen completed
# Tue Feb  7 02:27:02 2023

Return Code: 0
Run Time:00h:00m:00s
Copied /home/gfa2226/fpga/edge_detect/uvm/syn/rev_2/synwork/shift_reg_mult.srs to /home/gfa2226/fpga/edge_detect/uvm/syn/rev_2/shift_reg.srs
Complete: Compile Process on proj_1|rev_2

Running: premap (Premap) on proj_1|rev_2
# Tue Feb  7 02:27:02 2023

premap completed with warnings
# Tue Feb  7 02:27:03 2023

Return Code: 1
Run Time:00h:00m:01s
Complete: Compile on proj_1|rev_2

Running Flow: map (Map) on proj_1|rev_2
# Tue Feb  7 02:27:03 2023
License granted for 4 parallel jobs

Running: fpga_mapper (Map & Optimize) on proj_1|rev_2
# Tue Feb  7 02:27:03 2023
Copied /home/gfa2226/fpga/edge_detect/uvm/syn/rev_2/synwork/shift_reg_m.srm to /home/gfa2226/fpga/edge_detect/uvm/syn/rev_2/shift_reg.srm

fpga_mapper completed with warnings
# Tue Feb  7 02:27:08 2023

Return Code: 1
Run Time:00h:00m:05s
Complete: Map on proj_1|rev_2
Complete: Logic Synthesis on proj_1|rev_2
0exit status=0
License checkin: synplifypremierdp
