##### START OF AREA REPORT #####[
Design view:work.edgedetect(verilog)
Selecting part EP4CE6E22A7

Total combinational functions 849 of 6272 (13%)
Logic element usage by number of inputs
		  4 input functions 	 111
		  3 input functions 	 94
		  <=2 input functions 	 644
Logic elements by mode
		  normal mode            250
		  arithmetic mode        599
Total registers 193 of 6272 ( 3%)
I/O pins 38 of 180 (21%), total I/O based on largest package of this part.

Number of I/O registers
			Input DDRs    :0
			Output DDRs   :0

DSP Blocks:     0  (0 nine-bit DSP elements).
DSP Utilization: 0.00% of available 15 blocks (30 nine-bit).
ShiftTap:       0  (0 registers)
Total ESB:      52416 bits 

##### END OF AREA REPORT #####]

