/vol/synopsys/fpga/O-2018.09-SP1/bin/c_hdl  -osyn  /home/gfa2226/fpga/edge_detect/uvm/syn/rev_2/synwork/shift_reg_comp.srs  -hdllog  /home/gfa2226/fpga/edge_detect/uvm/syn/rev_2/synlog/shift_reg_compiler.srr  -encrypt  -mp  4  -prodtype  synplify_premier  -licensetype  synplifypremierdp  -distcompmode 1 -verification_mode 0  -verilog  -prodtype  synplify_premier  -verification_mode 0 -infer_seqShift -primux -fixsmult -dspmac -nram -divnmod -continue_on_error -nostructver   -I /home/gfa2226/fpga/edge_detect/uvm/syn/  -I /vol/synopsys/fpga/O-2018.09-SP1/lib   -sysv  -devicelib  /vol/synopsys/fpga/O-2018.09-SP1/lib/altera/altera.v  -devicelib  /vol/synopsys/fpga/O-2018.09-SP1/lib/altera/quartus_prime181/cycloneive.v  -devicelib  /vol/synopsys/fpga/O-2018.09-SP1/lib/altera/quartus_prime181/altera_mf.v  -devicelib  /vol/synopsys/fpga/O-2018.09-SP1/lib/altera/quartus_prime181/altera_lpm.v  -devicelib  /vol/synopsys/fpga/O-2018.09-SP1/lib/altera/quartus_prime181/altera_primitives.v  -encrypt  -pro  -dmgen  /home/gfa2226/fpga/edge_detect/uvm/syn/rev_2/dm  -auto_infer_blackbox 0 -proto -ui -fid2 -ram -sharing on -ll 2000 -autosm  -D_MULTIPLE_FILE_COMPILATION_UNIT_  -fast_synthesis 0  -lib work -fsysv /home/gfa2226/fpga/edge_detect/uvm/sv/sobel.sv -lib work -fsysv /home/gfa2226/fpga/edge_detect/uvm/sv/edgedetect.sv -lib work -fsysv /home/gfa2226/fpga/edge_detect/uvm/sv/fifo.sv -lib work -fsysv /home/gfa2226/fpga/edge_detect/uvm/sv/grayscale.sv -lib work -fsysv /home/gfa2226/fpga/edge_detect/uvm/sv/shift_reg.sv  -jobname  "compiler" 
relcom:/vol/synopsys/fpga/O-2018.09-SP1/bin/c_hdl -osyn ../synwork/shift_reg_comp.srs -hdllog ../synlog/shift_reg_compiler.srr -encrypt -mp 4 -prodtype synplify_premier -licensetype synplifypremierdp -distcompmode 1 -verification_mode 0 -verilog -prodtype synplify_premier -verification_mode 0 -infer_seqShift -primux -fixsmult -dspmac -nram -divnmod -continue_on_error -nostructver -I ../../ -I /vol/synopsys/fpga/O-2018.09-SP1/lib -sysv -devicelib /vol/synopsys/fpga/O-2018.09-SP1/lib/altera/altera.v -devicelib /vol/synopsys/fpga/O-2018.09-SP1/lib/altera/quartus_prime181/cycloneive.v -devicelib /vol/synopsys/fpga/O-2018.09-SP1/lib/altera/quartus_prime181/altera_mf.v -devicelib /vol/synopsys/fpga/O-2018.09-SP1/lib/altera/quartus_prime181/altera_lpm.v -devicelib /vol/synopsys/fpga/O-2018.09-SP1/lib/altera/quartus_prime181/altera_primitives.v -encrypt -pro -dmgen ../dm -auto_infer_blackbox 0 -proto -ui -fid2 -ram -sharing on -ll 2000 -autosm -D_MULTIPLE_FILE_COMPILATION_UNIT_ -fast_synthesis 0 -lib work -fsysv ../../../sv/sobel.sv -lib work -fsysv ../../../sv/edgedetect.sv -lib work -fsysv ../../../sv/fifo.sv -lib work -fsysv ../../../sv/grayscale.sv -lib work -fsysv ../../../sv/shift_reg.sv -jobname "compiler"
rc:0 success:1 runtime:5
file:../synwork/shift_reg_comp.srs|io:o|time:1675758420|size:18713|exec:0|csum:
file:../synlog/shift_reg_compiler.srr|io:o|time:1675758421|size:13008|exec:0|csum:
file:/vol/synopsys/fpga/O-2018.09-SP1/lib/altera/altera.v|io:i|time:1543381811|size:761|exec:0|csum:530DBF8BEE396EFE8B33F0255371F1EA
file:/vol/synopsys/fpga/O-2018.09-SP1/lib/altera/quartus_prime181/cycloneive.v|io:i|time:1543381840|size:248626|exec:0|csum:B7FC851277DB49C2CA5F418047EB2E4F
file:/vol/synopsys/fpga/O-2018.09-SP1/lib/altera/quartus_prime181/altera_mf.v|io:i|time:1543381839|size:2618882|exec:0|csum:84794777C52804010B1D63698E285DB9
file:/vol/synopsys/fpga/O-2018.09-SP1/lib/altera/quartus_prime181/altera_lpm.v|io:i|time:1543381839|size:14867|exec:0|csum:01D82E1D5975CD832C9D765243E5182D
file:/vol/synopsys/fpga/O-2018.09-SP1/lib/altera/quartus_prime181/altera_primitives.v|io:i|time:1543381839|size:35286|exec:0|csum:C0AAD8CA21730C472D624582C058B929
file:./-fsysv|io:i|time:0|size:-1|exec:0|csum:
file:../../../sv/sobel.sv|io:i|time:1675757251|size:3921|exec:0|csum:5F7C3D5FDC487ADA54C7EA902455E3C9
file:./-fsysv|io:i|time:0|size:-1|exec:0|csum:
file:../../../sv/edgedetect.sv|io:i|time:1675680232|size:2340|exec:0|csum:362332DD49728C666D1D7A89F8E1973A
file:./-fsysv|io:i|time:0|size:-1|exec:0|csum:
file:../../../sv/fifo.sv|io:i|time:1675678216|size:2433|exec:0|csum:FB0A48CF56239234F399E0DB7C246C61
file:./-fsysv|io:i|time:0|size:-1|exec:0|csum:
file:../../../sv/grayscale.sv|io:i|time:1675678216|size:1408|exec:0|csum:2EBAEA68EA93B7C0A349E8B18952A208
file:./-fsysv|io:i|time:0|size:-1|exec:0|csum:
file:../../../sv/shift_reg.sv|io:i|time:1675733995|size:825|exec:0|csum:DEEA0EDEB510CA8C84A658255D10A4B2
file:/vol/synopsys/fpga/O-2018.09-SP1/linux_a_64/c_hdl|io:i|time:1543382462|size:8760008|exec:1|csum:CF968C540087EF9F5288FFCDBF191EA5
file:/vol/synopsys/fpga/O-2018.09-SP1/bin/c_hdl|io:i|time:1543382354|size:367|exec:1|csum:E52A0D56112AD6C22F02B648B6F508CE
